<?xml version="1.0" encoding="UTF-8"?>
<!-- Generated by org.testng.reporters.JUnitReportReporter -->
<testsuite hostname="Ankitas-MacBook-Pro.local" failures="0" tests="1" name="CSVComparisonTest" time="0.021" errors="0" timestamp="2024-07-13T14:23:27 EDT" skipped="0">
  <testcase classname="CSVComparisonTest" name="testCsvComparison" time="0.021"/>
</testsuite> <!-- CSVComparisonTest -->
